C51 COMPILER V9.59.0.0   V0_2                                                              06/26/2024 22:28:18 PAGE 1   


C51 COMPILER V9.59.0.0, COMPILATION OF MODULE V0_2
OBJECT MODULE PLACED IN .\Objects\v0.2.obj
COMPILER INVOKED BY: D:\Keil\C51\BIN\C51.EXE v0.2.c OPTIMIZE(8,SPEED) BROWSE DEBUG OBJECTEXTEND PRINT(.\Listings\v0.2.ls
                    -t) TABS(2) OBJECT(.\Objects\v0.2.obj)

line level    source

   1          #include <STC15F2K60S2.H>
   2          #include <intrins.h>
   3          #define uchar unsigned char
   4          #define uint unsigned int
   5          
   6          uchar State = 4;
   7          uchar TimePage = 0;
   8          uchar SettingMode = 0;
   9          uchar SettingLocation = 0;
  10          uchar Page = 0;
  11          uint temperature = 0;
  12          uchar turetemp = 0;
  13          
  14          void Time_DisPlay();
  15          void SetTime_DisPlay();
  16          void Start_DisPlay(uchar Start);
  17          void Info_DisPlay();
  18          void Clock();
  19          void Key_Detect();
  20          void Delay(uchar dtime);
  21          void Buzzer();
  22          void DS18B20_Init();
  23          void Temp_DisPlay();
  24          uint Temp_DS18B20();
  25          void Temp_FeedBack();
  26          
  27          //==============================æ—¶é’Ÿ================================
  28          //------------------------------å˜é‡--------------------------------
  29          //å¸¸è§„å˜é‡
  30          static long count = 0;
  31          static long presscount = 0;
  32          static long alarmcount = 0;
  33          static long tempcount = 0;
  34          static long sound = 0;
  35          uchar pro = 0;
  36          uchar timer = 0;
  37          uchar alarm = 0;
  38          uchar enter = 0;
  39          uchar sustain = 0;
  40          uchar none = 0;
  41          uchar blink = 0;
  42          uchar sec = 14;
  43          uchar min = 45;
  44          uchar hour = 11;
  45          uchar setsec = 0;
  46          uchar setmin = 0;
  47          uchar sethour = 0;
  48          uchar alarmsec = 0;
  49          uchar alarmmin = 0;
  50          uchar alarmhour = 0;
  51          int timersec = 0;
  52          int timermin = 5;
  53          int timerhour = 0;
  54          long timercount = 0;
C51 COMPILER V9.59.0.0   V0_2                                                              06/26/2024 22:28:18 PAGE 2   

  55          
  56          //é€»è¾‘å˜é‡
  57          uchar TimerSet = 0;
  58          
  59          //----------------------------æ—¶é—´èµ‹å€¼------------------------------
  60          void Set_Time(uchar Type) {
  61   1        switch(Type) {
  62   2          
  63   2          //å°†è®¾ç½®çš„æ—¶é—´èµ‹ç»™æ˜¾ç¤ºæ—¶é’Ÿ
  64   2          case 0:
  65   2            sec = setsec;
  66   2            min = setmin;
  67   2            hour = sethour;
  68   2          break;
  69   2          
  70   2          
  71   2          //å°†è®¾ç½®çš„æ—¶é—´èµ‹ç»™é—¹é’Ÿ
  72   2          case 1:
  73   2            alarmsec = setsec;
  74   2            alarmmin = setmin;
  75   2            alarmhour = sethour;
  76   2          break;
  77   2          
  78   2          
  79   2          //å°†è®¾ç½®çš„æ—¶é—´èµ‹ç»™å®šæ—¶å™¨
  80   2          case 2:
  81   2            timersec = setsec;
  82   2            timermin = setmin;
  83   2            timerhour = sethour;
  84   2          break;
  85   2          
  86   2          
  87   2          //å°†å½“å‰æ—¶é—´èµ‹ç»™è®¾ç½®æ—¶é—´ï¼ˆç”¨äºè®¾ç½®æ—¶é—´æ—¶çš„æ˜¾ç¤º
  88   2          case 3:
  89   2            setsec = sec;
  90   2            setmin = min;
  91   2            sethour = hour;
  92   2          break;
  93   2          
  94   2          
  95   2          //è®¾ç½®æ—¶é—´
  96   2          case 4:
  97   2            switch(SettingLocation) {
  98   3              case 0: sethour += 10; break;
  99   3              case 1: sethour++;     break;
 100   3              case 2: setmin += 10;  break;
 101   3              case 3: setmin++;      break;
 102   3              case 4: setmin += 10;  break;
 103   3              case 5: setmin++;      break;
 104   3              case 6: setsec += 10;  break;
 105   3              case 7: setsec++;      break;
 106   3            }
 107   2          break;
 108   2            
 109   2            
 110   2          //è®¾ç½®æ—¶é—´å›é›¶
 111   2          case 5:
 112   2            sethour = 0;
 113   2            setmin = 0;
 114   2            setsec = 0;
 115   2          break;
 116   2          
C51 COMPILER V9.59.0.0   V0_2                                                              06/26/2024 22:28:18 PAGE 3   

 117   2          
 118   2          //æŠŠå®šæ—¶å™¨æ—¶é—´èµ‹ç»™è®¾ç½®å€¼ï¼Œç”¨äºæ˜¾ç¤º
 119   2          case 6:
 120   2            sethour = timerhour;
 121   2            setmin = timermin;
 122   2            setsec = timersec;
 123   2          break;
 124   2          
 125   2          
 126   2        }
 127   1      }
 128          
 129          
 130          //----------------------------æ—¶é’Ÿä¸­æ–­------------------------------
 131          void Clock() interrupt 1 {
 132   1      //  TL0 = 0x20;       //è®¾ç½®å®šæ—¶åˆå§‹å€¼
 133   1      //  TH0 = 0xD1;       //è®¾ç½®å®šæ—¶åˆå§‹å€¼
 134   1      
 135   1        count++;
 136   1        presscount++;
 137   1        tempcount++;
 138   1        //æ­£å¸¸æ˜¾ç¤ºæ—¶çš„ä¸­æ–­
 139   1        if(count >= 1000) {
 140   2          sec++;
 141   2          count = 0;
 142   2        }
 143   1        
 144   1        if(sec == 60) {
 145   2          min++;
 146   2          sec = 0;
 147   2        }
 148   1        
 149   1        if(min == 60) {
 150   2          hour++;
 151   2          min = 0;
 152   2        }
 153   1        
 154   1        if(hour == 24) {
 155   2          hour = 0;
 156   2        }
 157   1        
 158   1        
 159   1        //å®šæ—¶å™¨æ˜¾ç¤ºå’Œç»ˆæ­¢çš„ä¸­æ–­
 160   1        if(TimerSet == 1) {
 161   2          timercount++;
 162   2          if(timercount >= 1000){
 163   3            timersec--;
 164   3            timercount = 0;   
 165   3          }
 166   2        
 167   2        
 168   2        if(timersec < 0) {
 169   3          timermin--;
 170   3          timersec = 59;
 171   3        }
 172   2        
 173   2        if(timermin < 0) {
 174   3          timerhour--;
 175   3          timermin = 59;
 176   3        }
 177   2        
 178   2        if(timerhour < 0) {
C51 COMPILER V9.59.0.0   V0_2                                                              06/26/2024 22:28:18 PAGE 4   

 179   3          TimerSet = 0;
 180   3          timerhour = 0;
 181   3          timermin = 0;
 182   3          timersec = 0;
 183   3          State = 2;
 184   3        }
 185   2      } 
 186   1        
 187   1        //è®¾ç½®æ—¶é—´æ—¶çš„ä¸­æ–­
 188   1         if(setsec > 59) {
 189   2           setsec = 0;
 190   2           setmin++;
 191   2         }
 192   1         
 193   1         if(setmin > 59) {
 194   2           setmin = 0;
 195   2           sethour++;
 196   2         }
 197   1         
 198   1         if(Page == 2) {
 199   2           if(sethour > 99) {
 200   3             sethour = 0;
 201   3           }
 202   2         } else {
 203   2           if(sethour > 23) {
 204   3             sethour = 0;
 205   3           }   
 206   2         }
 207   1      
 208   1         
 209   1         //é—¹é’Ÿä¸­æ–­
 210   1         if(sec == alarmsec && min == alarmmin && hour == alarmhour) {
 211   2           State = 1;
 212   2         }
 213   1         
 214   1         
 215   1         //è½½å…¥åŠ¨ç”»çš„ä¸­æ–­
 216   1         if(sustain == 1) {
 217   2           if(count >= 900) {
 218   3             enter++;
 219   3             if(enter >= 90) {
 220   4               sustain = 0;
 221   4               enter = 0;
 222   4             }
 223   3           }
 224   2         }
 225   1      
 226   1         
 227   1         //é—ªçƒä¸­æ–­
 228   1         if(count % 250 == 0) {
 229   2           blink++;
 230   2           if(blink > 4) {
 231   3             blink = 0;
 232   3           }
 233   2         }
 234   1         
 235   1         //é¡µé¢çš„ä¸­æ–­
 236   1         if(Page > 4) {
 237   2           Page = 0;
 238   2         }
 239   1         
 240   1         //æŒ‰é”®é˜²æŠ–
C51 COMPILER V9.59.0.0   V0_2                                                              06/26/2024 22:28:18 PAGE 5   

 241   1         if(presscount == 251) {
 242   2           presscount = 0;
 243   2         }
 244   1         
 245   1         //æŒ‰é”®ä¸­æ–­
 246   1           Key_Detect();
 247   1         
 248   1         //é—¹é’Ÿå“èµ·çš„æ˜¾ç¤ºä¸­æ–­
 249   1         if(State == 1) {
 250   2           if(alarm >= 200) {
 251   3             State = 4;
 252   3             alarm = 0;
 253   3           }
 254   2         }
 255   1      
 256   1         //å®šæ—¶å™¨ç»ˆæ­¢çš„ä¸­æ–­
 257   1          if(State == 2) {
 258   2           if(timer >= 200) {
 259   3             State = 4;
 260   3             timer = 0;
 261   3           }
 262   2         }
 263   1         
 264   1         if(Page == 3 && none >= 1) {
 265   2           Temp_FeedBack();    
 266   2         }
 267   1      
 268   1         //é˜²è¯¯è§¦ä¸­æ–­
 269   1         if(pro > 3) {
 270   2           pro = 0;
 271   2           State = 4;
 272   2         }
 273   1      
 274   1      }
 275          //---------------------------æ—¶é’Ÿåˆå§‹åŒ–-----------------------------
 276          void Timer0_Init(void)    //1æ¯«ç§’@12.000MHz
 277          {
 278   1        AUXR |= 0x80;     //å®šæ—¶å™¨æ—¶é’Ÿ1Tæ¨¡å¼
 279   1        TMOD &= 0xF0;     //è®¾ç½®å®šæ—¶å™¨æ¨¡å¼
 280   1        TL0 = 0x20;       //è®¾ç½®å®šæ—¶åˆå§‹å€¼
 281   1        TH0 = 0xD1;       //è®¾ç½®å®šæ—¶åˆå§‹å€¼
 282   1        TF0 = 0;        //æ¸…é™¤TF0æ ‡å¿—
 283   1        TR0 = 1;        //å®šæ—¶å™¨0å¼€å§‹è®¡æ—¶
 284   1      }
 285          
 286          
 287          //--------------æ—¶é’Ÿçš„è®¾ç½®æ¨¡å¼oræ­£å¸¸æ˜¾ç¤ºæ¨¡å¼çš„é€»è¾‘åˆ¤æ–­--------------
 288          void TimeSetOrNormal_Logic() {
 289   1        if(SettingMode == 0) {
 290   2          Time_DisPlay();
 291   2        } else if(SettingMode == 1) {
 292   2          SetTime_DisPlay();
 293   2        } 
 294   1      }
 295          //--------------æ—¶é’Ÿçš„è®¾ç½®æ¨¡å¼oræ­£å¸¸æ˜¾ç¤ºæ¨¡å¼çš„é€»è¾‘åˆ¤æ–­--------------
 296          
 297          //==============================æ—¶é’Ÿ================================
 298          
 299          
 300          
 301          //===============================æ˜¾ç¤º===============================
 302          
C51 COMPILER V9.59.0.0   V0_2                                                              06/26/2024 22:28:18 PAGE 6   

 303          //å¸¸è§„å˜é‡
 304          
 305          
 306          //é€»è¾‘å˜é‡
 307          
 308          
 309          
 310          //------------------------æ•°ç ç®¡æ˜¾ç¤ºæ¶ˆå½±å»¶æ—¶-------------------------
 311          
 312          void Delay1ms()   //@12.000MHz
 313          {
 314   1        unsigned char i, j;
 315   1      
 316   1        i = 12;
 317   1        j = 169;
 318   1        do
 319   1        {
 320   2          while (--j);
 321   2        } while (--i);
 322   1      }
 323          
 324          void Delay(uchar dtime) {
 325   1        int i;
 326   1        for(i = 0; i <= dtime; i++) {
 327   2          Delay1ms();
 328   2        }
 329   1      }
 330          
 331          
 332          //----------------------------æ•°ç ç®¡æ˜¾ç¤º-----------------------------
 333          //æ•°ç ç®¡æ˜¾ç¤º
 334          uchar Digitron[] = {0xC0, 0xF9, 0xA4, 0xB0, 0x99, 0x92, 0x82, 0xF8, 0x80, 0x90};      //æ•°ç ç®¡æ˜¾ç¤º1-9ï¼ˆ
             -ä¸å¸¦ç‚¹ï¼‰
 335          uchar DigitronDp[] = {0x40, 0x79, 0x24, 0x30, 0x19, 0x12, 0x02, 0x78, 0x00, 0x10};    //æ•°ç ç®¡æ˜¾ç¤º1-9ï¼
             -ˆå¸¦ç‚¹ï¼‰
 336          
 337          //æ•°ç ç®¡ä½é€‰+æ®µé€‰ 
 338          sbit Smg1 = P0^0;
 339          sbit Smg2 = P0^1;
 340          sbit Smg3 = P0^2;
 341          sbit Smg4 = P0^3;
 342          #define duan P2
 343          
 344          //æ•°ç ç®¡æ˜¾ç¤ºå‡½æ•°
 345          void Smg(uchar wei, uchar number) { 
 346   1        switch(wei) {
 347   2          case 4: Smg1 = 1; Smg2 = 1; Smg3 = 1; Smg4 = 0; break;
 348   2          case 3: Smg1 = 1; Smg2 = 1; Smg3 = 0; Smg4 = 1; break;
 349   2          case 2: Smg1 = 1; Smg2 = 0; Smg3 = 1; Smg4 = 1; break;
 350   2          case 1: Smg1 = 0; Smg2 = 1; Smg3 = 1; Smg4 = 1; break;
 351   2        }
 352   1        
 353   1        duan = number;
 354   1        //æ¶ˆé™¤æ®‹å½±
 355   1        Delay(1);
 356   1        duan = 0xFF;
 357   1      }
 358          
 359          
 360          //-----------------------------é¡µé¢æ˜¾ç¤º------------------------------
 361          void Page_DisPlay() {
 362   1        switch(Page) {  
C51 COMPILER V9.59.0.0   V0_2                                                              06/26/2024 22:28:18 PAGE 7   

 363   2          //æ—¶é’Ÿé¡µé¢
 364   2          case 0:
 365   2            if(none == 0) {
 366   3              Start_DisPlay(2);
 367   3              none++;
 368   3            }
 369   2            TimeSetOrNormal_Logic();
 370   2          break;
 371   2            
 372   2            
 373   2          //é—¹é’Ÿé¡µé¢          
 374   2          case 1:
 375   2            if(none == 0) {
 376   3              Start_DisPlay(3);   
 377   3              none++;
 378   3            }
 379   2            TimeSetOrNormal_Logic();
 380   2          break;
 381   2              
 382   2              
 383   2          //å®šæ—¶å™¨é¡µé¢ 
 384   2          case 2:
 385   2            if(none == 0) {
 386   3              Start_DisPlay(4); 
 387   3              none++;
 388   3            }
 389   2            TimeSetOrNormal_Logic();
 390   2          break;
 391   2            
 392   2          
 393   2          //æ¸©åº¦é¡µé¢
 394   2          case 3:
 395   2            if(none == 0) {
 396   3              Start_DisPlay(5); 
 397   3              none++;
 398   3            }
 399   2            Temp_DisPlay();
 400   2            break;
 401   2          
 402   2      
 403   2          //å…³äºé¡µé¢
 404   2          case 4:
 405   2            if(none == 0) {
 406   3              Start_DisPlay(0);   
 407   3              none++;
 408   3            }
 409   2            Info_DisPlay();
 410   2          break;
 411   2        }
 412   1      }
 413          
 414          
 415          //-----------------------------æ—¶é—´æ˜¾ç¤º-----------------------------
 416          void Time_DisPlay() {
 417   1        switch(Page) {
 418   2          
 419   2          //æ­£å¸¸æ—¶é’Ÿçš„æ˜¾ç¤º
 420   2          case 0:
 421   2            if(TimePage == 0) {                         //ç¬¬ä¸€é¡µ
 422   3              Smg(1, Digitron[hour / 10]);              //æ—¶çš„åä½
 423   3              
 424   3              if(blink < 2) {                           //æ—¶çš„ä¸ªä½ï¼Œå†’å·é—ªçƒæ˜¾ç¤º
C51 COMPILER V9.59.0.0   V0_2                                                              06/26/2024 22:28:18 PAGE 8   

 425   4                Smg(2, DigitronDp[hour % 10]);
 426   4              } else if(blink >= 2) {
 427   4                Smg(2, Digitron[hour % 10]);
 428   4              }
 429   3              
 430   3              Smg(3, Digitron[min / 10]);               //åˆ†çš„åä½
 431   3              
 432   3              Smg(4, Digitron[min % 10]);               //åˆ†çš„ä¸ªä½
 433   3              
 434   3            } else if(TimePage == 1) {                  //ç¬¬äºŒé¡µ
 435   3              Smg(1, Digitron[min / 10]);               //åˆ†çš„åä½
 436   3              
 437   3              if(blink < 2) {                           //åˆ†çš„ä¸ªä½ï¼Œå†’å·é—ªçƒæ˜¾ç¤º
 438   4                Smg(2, DigitronDp[min % 10]);
 439   4              } else if(blink >= 2) {
 440   4                Smg(2, Digitron[min % 10]);
 441   4              }
 442   3              
 443   3              Smg(3, Digitron[sec / 10]);               //ç§’çš„åä½
 444   3              
 445   3              Smg(4, Digitron[sec % 10]);               //ç§’çš„ä¸ªä½
 446   3            }
 447   2          break;
 448   2      
 449   2      
 450   2          //æ‰€è®¾å®šé—¹é’Ÿçš„æ˜¾ç¤º
 451   2          case 1:
 452   2            Smg(1, Digitron[alarmhour / 10]);           //æ—¶çš„åä½
 453   2            Smg(2, DigitronDp[alarmhour % 10]);         //æ—¶çš„ä¸ªä½ï¼Œæ˜¾ç¤ºå†’å·
 454   2            Smg(3, Digitron[alarmmin / 10]);            //åˆ†çš„åä½
 455   2            Smg(4, Digitron[alarmmin % 10]);            //åˆ†çš„ä¸ªä½
 456   2          break;
 457   2          
 458   2          
 459   2          //å®šæ—¶å™¨çš„æ˜¾ç¤º
 460   2          case 2:
 461   2            if(TimePage == 0) {                         //ç¬¬ä¸€é¡µ
 462   3              Smg(1, Digitron[timerhour / 10]);             //æ—¶çš„åä½
 463   3              
 464   3              if(blink < 2) {                           //æ—¶çš„ä¸ªä½ï¼Œå†’å·é—ªçƒæ˜¾ç¤º
 465   4                Smg(2, DigitronDp[timerhour % 10]);
 466   4              } else if(blink >= 2) {
 467   4                Smg(2, Digitron[timerhour % 10]);
 468   4              }
 469   3              
 470   3              Smg(3, Digitron[timermin / 10]);                //åˆ†çš„åä½
 471   3              
 472   3              Smg(4, Digitron[timermin % 10]);                //åˆ†çš„ä¸ªä½
 473   3              
 474   3            } else if(TimePage == 1) {                  //ç¬¬äºŒé¡µ
 475   3              Smg(1, Digitron[timermin / 10]);                //åˆ†çš„åä½
 476   3              
 477   3              if(blink < 2) {                           //åˆ†çš„ä¸ªä½ï¼Œå†’å·é—ªçƒæ˜¾ç¤º
 478   4                Smg(2, DigitronDp[timermin % 10]);
 479   4              } else if(blink >= 2) {
 480   4                Smg(2, Digitron[timermin % 10]);
 481   4              }
 482   3              
 483   3              Smg(3, Digitron[timersec / 10]);                //ç§’çš„åä½
 484   3              
 485   3              Smg(4, Digitron[timersec % 10]);                //ç§’çš„ä¸ªä½
 486   3            }
C51 COMPILER V9.59.0.0   V0_2                                                              06/26/2024 22:28:18 PAGE 9   

 487   2          break;      
 488   2        }
 489   1      }
 490          
 491          
 492          //---------------------------æ—¶é—´è®¾ç½®æ˜¾ç¤º---------------------------
 493          void SetTime_DisPlay() {
 494   1        if(TimePage == 0) {                   //ç¬¬ä¸€é¡µ
 495   2          //è®¾ç½®æ—¶çš„åä½
 496   2          if(SettingLocation == 0) {
 497   3            if(blink < 2) {
 498   4              Smg(1, Digitron[sethour / 10]);
 499   4            } else if(blink >= 2) {
 500   4              Smg(1, 0xFF);
 501   4            }
 502   3          }else {
 503   3            Smg(1, Digitron[sethour / 10]);
 504   3          }
 505   2          
 506   2          //è®¾ç½®æ—¶çš„ä¸ªä½
 507   2          if(SettingLocation == 1) {
 508   3            if(blink < 2) {
 509   4              Smg(2, DigitronDp[sethour % 10]);
 510   4            } else if(blink >= 2) {
 511   4              Smg(2, 0x7F);
 512   4            }
 513   3          }else {
 514   3            Smg(2, DigitronDp[sethour % 10]);
 515   3          }
 516   2          
 517   2          //è®¾ç½®åˆ†çš„åä½
 518   2          if(SettingLocation == 2) {
 519   3            if(blink < 2) {
 520   4              Smg(3, Digitron[setmin / 10]);
 521   4            } else if(blink >= 2) {
 522   4              Smg(3, 0xFF);
 523   4            }
 524   3          } else {
 525   3            Smg(3, Digitron[setmin / 10]);
 526   3          }
 527   2          
 528   2          //è®¾ç½®åˆ†çš„ä¸ªä½
 529   2          if(SettingLocation == 3) {
 530   3            if(blink < 2) {
 531   4              Smg(4, Digitron[setmin % 10]);
 532   4            } else if(blink >= 2) {
 533   4              Smg(4, 0xFF);
 534   4            }
 535   3          } else {
 536   3            Smg(4, Digitron[setmin % 10]);
 537   3          }
 538   2        } else if (TimePage == 1) {           //ç¬¬äºŒé¡µ
 539   2          //è®¾ç½®åˆ†çš„åä½
 540   2          if(SettingLocation == 4) {
 541   3            if(blink < 2) {
 542   4              Smg(1, Digitron[setmin / 10]);
 543   4            }else if(blink >= 2) {
 544   4              Smg(1, 0xFF);
 545   4            }
 546   3          } else {
 547   3            Smg(1, Digitron[setmin / 10]);
 548   3          }
C51 COMPILER V9.59.0.0   V0_2                                                              06/26/2024 22:28:18 PAGE 10  

 549   2          
 550   2          //è®¾ç½®åˆ†çš„ä¸ªä½
 551   2          if(SettingLocation == 5) {
 552   3            if(blink < 2) {
 553   4              Smg(2, DigitronDp[setmin % 10]);
 554   4            } else if(blink >= 2) {
 555   4              Smg(2, 0x7F);
 556   4            }
 557   3          } else {
 558   3            Smg(2, DigitronDp[setmin % 10]);
 559   3          }
 560   2          
 561   2          //è®¾ç½®ç§’çš„åä½
 562   2          if(SettingLocation == 6) {
 563   3            if(blink < 2) {
 564   4              Smg(3, Digitron[setsec / 10]);
 565   4            } else if(blink >= 2) {
 566   4              Smg(3, 0xFF);
 567   4            }
 568   3          } else {
 569   3            Smg(3, Digitron[setsec / 10]);
 570   3          }
 571   2          
 572   2          //è®¾ç½®ç§’çš„ä¸ªä½
 573   2          if(SettingLocation == 7) {
 574   3            if(blink < 2) {
 575   4              Smg(4, Digitron[setsec % 10]);
 576   4            } else if(blink >= 2) {
 577   4              Smg(4, 0xFF);
 578   4            }
 579   3          } else {
 580   3            Smg(4, Digitron[setsec % 10]);
 581   3          }
 582   2        }
 583   1      }
 584          
 585          
 586          //-----------------------------è½½å…¥æ˜¾ç¤º-----------------------------
 587          void Start_DisPlay(uchar Start) {
 588   1      
 589   1        switch(Start) {
 590   2          //å…³äºæ˜¾ç¤º
 591   2          case 0:
 592   2            do {
 593   3              sustain = 1;
 594   3              Smg(1, 0xFA);
 595   3              Smg(2, 0xAB);
 596   3              Smg(3, 0x8E);
 597   3              Smg(4, 0xA3);   
 598   3            } while(sustain == 1);
 599   2            enter = 0;
 600   2            sustain = 0;
 601   2          break;
 602   2            
 603   2            
 604   2          //å¼€æœºæ˜¾ç¤º
 605   2          case 1:
 606   2            do {
 607   3              sustain = 1;
 608   3              Smg(1, 0x86);
 609   3              Smg(2, 0xAB);
 610   3              Smg(3, 0x88);       
C51 COMPILER V9.59.0.0   V0_2                                                              06/26/2024 22:28:18 PAGE 11  

 611   3            } while(sustain == 1);
 612   2            enter = 0;
 613   2            sustain = 0;
 614   2          break;
 615   2          
 616   2          
 617   2          //è½½å…¥æ—¶é—´æ˜¾ç¤º
 618   2          case 2:
 619   2            do {
 620   3              sustain = 1;
 621   3              Smg(1, 0xC6);
 622   3              Smg(2, 0xC7);
 623   3              Smg(3, 0xA3);
 624   3              Smg(4, 0xC6);
 625   3            } while(sustain == 1);
 626   2            enter = 0;
 627   2            sustain = 0;
 628   2          break;
 629   2            
 630   2          
 631   2          //è½½å…¥é—¹é’Ÿæ˜¾ç¤º
 632   2          case 3:
 633   2            do {
 634   3              sustain = 1;
 635   3              Smg(1, 0x88);
 636   3              Smg(2, 0xC7);
 637   3              Smg(3, 0X88);
 638   3              Smg(4, 0XAF);
 639   3            }while(sustain == 1);
 640   2            enter = 0;
 641   2            sustain = 0;
 642   2          break;
 643   2            
 644   2          
 645   2          //è½½å…¥è®¡æ—¶å™¨æ˜¾ç¤º
 646   2          case 4:
 647   2            do {
 648   3              sustain = 1;
 649   3              Smg(1, 0xCE);
 650   3              Smg(2, 0xFA);
 651   3              Smg(3, 0xC8);
 652   3              Smg(4, 0x86);
 653   3            } while(sustain == 1);
 654   2            enter = 0;
 655   2            sustain = 0;
 656   2          break;
 657   2            
 658   2            
 659   2          //è½½å…¥æ¸©åº¦æ˜¾ç¤º
 660   2          case 5:
 661   2            do {
 662   3              sustain = 1;
 663   3              Smg(1, 0xCE);
 664   3              Smg(2, 0x86);
 665   3              Smg(3, 0xC8);
 666   3              Smg(4, 0x8C);
 667   3            } while(sustain == 1);
 668   2            enter = 0;
 669   2            sustain = 0;
 670   2          break;
 671   2            
 672   2        
C51 COMPILER V9.59.0.0   V0_2                                                              06/26/2024 22:28:18 PAGE 12  

 673   2        }
 674   1      }
 675          
 676          
 677          
 678          //-----------------------------å…³äºæ˜¾ç¤º-----------------------------
 679          void Info_DisPlay() {
 680   1      //  switch(pro) {
 681   1      //    case 0:
 682   1      //      Smg(1, 0xAB);
 683   1      //      Smg(2, 0xA3);
 684   1      //      Smg(3, 0xAB);
 685   1      //      Smg(4, 0x86);
 686   1      //      State = 4;
 687   1      //    break;
 688   1      //    
 689   1      //    case 1:
 690   1      //      Smg(1, 0xAB);
 691   1      //      Smg(2, 0xA3);
 692   1      //      Smg(3, 0xAB);
 693   1      //      Smg(4, 0x06);
 694   1      //    break;
 695   1      //    
 696   1      //    case 2:
 697   1      //      Smg(1, 0xAB);
 698   1      //      Smg(2, 0xA3);
 699   1      //      Smg(3, 0x2B);
 700   1      //      Smg(4, 0x06);
 701   1      //    break;
 702   1      //    
 703   1      //    case 3:
 704   1      //      Smg(1, 0x2B);
 705   1      //      Smg(2, 0xA3);
 706   1      //      Smg(3, 0x2B);
 707   1      //      Smg(4, 0x06);
 708   1      //      State = 3;
 709   1      //    break;
 710   1      //  }
 711   1      
 712   1        switch(pro) {
 713   2          case 0:
 714   2            Smg(2, 0x86);
 715   2            Smg(3, 0xAB);
 716   2            Smg(4, 0x88);
 717   2            State = 4;
 718   2          break;
 719   2          
 720   2          case 1:
 721   2            Smg(2, 0x86);
 722   2            Smg(3, 0xAB);
 723   2            Smg(4, 0x08);
 724   2          break;
 725   2          
 726   2          case 2:
 727   2            Smg(2, 0x86);
 728   2            Smg(3, 0x2B);
 729   2            Smg(4, 0x08);
 730   2          break;
 731   2          
 732   2          case 3:
 733   2            Smg(1, 0x7F);
 734   2            Smg(2, 0x86);
C51 COMPILER V9.59.0.0   V0_2                                                              06/26/2024 22:28:18 PAGE 13  

 735   2            Smg(3, 0x2B);
 736   2            Smg(4, 0x08);
 737   2            State = 3;
 738   2          break;
 739   2        
 740   2        }
 741   1      }
 742          
 743          
 744          //-----------------------------æ¸©åº¦æ˜¾ç¤º-----------------------------
 745          void Temp_DisPlay() {
 746   1        Smg(1, Digitron[turetemp / 10]);
 747   1        Smg(2, Digitron[turetemp % 10]);
 748   1        Smg(3, 0x9C);
 749   1        Smg(4, 0xC6);
 750   1      }
 751          
 752          //---------------------------é—¹é’Ÿå“èµ·æ˜¾ç¤º---------------------------
 753          void Alarm_DisPlay() {
 754   1        
 755   1        if(blink > 2) {
 756   2          Smg(1, Digitron[alarmhour / 10]);
 757   2          Smg(2, DigitronDp[alarmhour % 10]);
 758   2          Smg(3, Digitron[alarmmin / 10]);
 759   2          Smg(4, Digitron[alarmmin % 10]);
 760   2          alarm++;
 761   2        } else if(blink <= 2) {
 762   2      //    Smg(1, 0x88);
 763   2      //    Smg(2, 0xC7);
 764   2      //    Smg(3, 0X88);
 765   2      //    Smg(4, 0XAF);
 766   2          Buzzer();
 767   2        }
 768   1      } 
 769          
 770          
 771          //--------------------------å®šæ—¶å™¨ç»ˆæ­¢æ˜¾ç¤º--------------------------
 772          void Timer_DisPlay() {
 773   1        if(blink > 2) {
 774   2          Buzzer();
 775   2        } else if(blink <= 2) {
 776   2            Smg(1, 0xCE);
 777   2            Smg(2, 0xFA);
 778   2            Smg(3, 0xC8);
 779   2            Smg(4, 0x86);
 780   2            timer++;
 781   2        }
 782   1      } 
 783          
 784          
 785          //===============================æ˜¾ç¤º===============================
 786          
 787          
 788          //===============================æŒ‰é”®===============================
 789          //å˜é‡
 790          //é€»è¾‘å˜é‡
 791          //ä½
 792          sbit SettingKey = P1^4;
 793          sbit PlusKey = P1^5;
 794          sbit SwitchKey = P1^6;
 795          sbit AlarmKey = P5^5;
 796          //å‡½æ•°
C51 COMPILER V9.59.0.0   V0_2                                                              06/26/2024 22:28:18 PAGE 14  

 797          //ç¿»é¡µæŒ‰é”®
 798          void Plus_Page() {
 799   1        if(PlusKey == 0) {
 800   2          if(PlusKey == 0 && presscount == 150) {
 801   3            if(none == 1) {
 802   4              none = 0;
 803   4            } 
 804   3            Page++;
 805   3          }
 806   2        }
 807   1      }
 808          
 809          
 810          void Key_Detect() {
 811   1        switch(Page) {
 812   2          //æ—¶é’Ÿé¡µé¢çš„æŒ‰é”®åŠŸèƒ½
 813   2          case 0:
 814   2            //æŒ‰ä¸‹æŒ‰é”®1è¿›å…¥/é€€å‡ºè®¾ç½®æ—¶é—´
 815   2            if(SettingKey == 0 && State != 3) {
 816   3              if(SettingKey == 0 && presscount == 150 && State != 3) {
 817   4                if(SettingMode == 0) {
 818   5                  Set_Time(3);
 819   5                  SettingMode = 1;
 820   5                  if(TimePage == 0) {
 821   6                    SettingLocation = 0;
 822   6                  } else if(TimePage == 1) {
 823   6                    SettingLocation = 4;
 824   6                  }
 825   5                } else if(SettingMode == 1) {
 826   5                  Set_Time(0);
 827   5                  SettingMode = 0;
 828   5                }
 829   4              } 
 830   3            }
 831   2            
 832   2            //æŒ‰é”®2
 833   2              //å½“è¿›å…¥è®¾ç½®æ—¶é—´æ—¶
 834   2              if(SettingMode == 1) {
 835   3                if(PlusKey == 0) {
 836   4                  if(PlusKey == 0 && presscount == 150) {
 837   5                    Set_Time(4);
 838   5                  }
 839   4                } //å½“ä¸åœ¨è®¾ç½®æ—¶é—´æ—¶
 840   3              } else if(SettingMode == 0) {
 841   3                  Plus_Page();
 842   3              }
 843   2            
 844   2            //æŒ‰é”®3
 845   2              //å½“è¿›å…¥æ—¶é—´è®¾ç½®æ—¶
 846   2              if(SettingMode == 1) {
 847   3                if(SwitchKey == 0) {
 848   4                  if(SwitchKey == 0 && presscount == 150) {
 849   5                    SettingLocation++;
 850   5                    if(SettingLocation >= 4 && TimePage == 0) {
 851   6                      TimePage = 1;
 852   6                    } else if(SettingLocation > 7) {
 853   6                      TimePage = 0;
 854   6                      SettingLocation = 0;
 855   6                    }
 856   5                  }
 857   4                }//å½“ä¸åœ¨æ—¶é—´è®¾ç½®æ—¶
 858   3              } else if(SettingMode == 0) {
C51 COMPILER V9.59.0.0   V0_2                                                              06/26/2024 22:28:18 PAGE 15  

 859   3                  if(SwitchKey == 0) {
 860   4                    if(SwitchKey == 0 && presscount == 150) {
 861   5                      if(TimePage == 1) {
 862   6                        TimePage = 0;
 863   6                      } else if(TimePage == 0) {
 864   6                        TimePage = 1;
 865   6                      }
 866   5                    }
 867   4                  }
 868   3              }
 869   2          break;
 870   2              
 871   2            
 872   2          //é—¹é’Ÿé¡µé¢çš„æŒ‰é”®
 873   2          case 1:
 874   2            //æŒ‰ä¸‹æŒ‰é”®1è¿›å…¥/é€€å‡ºè®¾ç½®æ—¶é—´
 875   2            if(SettingKey == 0 && State != 3) {
 876   3              if(SettingKey == 0 && presscount == 150 && State != 3) {
 877   4                if(SettingMode == 0) {
 878   5                  SettingMode = 1;
 879   5                  Set_Time(5);
 880   5                  TimePage = 0;
 881   5                  SettingLocation = 0;
 882   5                } else if(SettingMode == 1) {
 883   5                  Set_Time(1);
 884   5                  SettingMode = 0;
 885   5                }
 886   4              } 
 887   3            }
 888   2      
 889   2            //æŒ‰é”®2
 890   2              //å½“è¿›å…¥è®¾ç½®æ—¶é—´æ—¶
 891   2              if(SettingMode == 1) {
 892   3                if(PlusKey == 0) {
 893   4                  if(PlusKey == 0 && presscount == 150) {
 894   5                    Set_Time(4);
 895   5                  }
 896   4                } //å½“ä¸åœ¨è®¾ç½®æ—¶é—´æ—¶
 897   3              } else if(SettingMode == 0) {
 898   3                  Plus_Page();
 899   3              }
 900   2              
 901   2            //æŒ‰é”®3
 902   2              //å½“è¿›å…¥è®¾ç½®æ—¶é—´æ—¶
 903   2              if(SettingMode == 1) {
 904   3                if(SwitchKey == 0) {
 905   4                  if(SwitchKey == 0 && presscount == 150) {
 906   5                    SettingLocation++;
 907   5                    if(SettingLocation > 3) {
 908   6                      SettingLocation = 0;
 909   6                    }
 910   5                  }
 911   4                } //å½“ä¸åœ¨è®¾ç½®æ—¶é—´æ—¶
 912   3              } 
 913   2          break;
 914   2              
 915   2          
 916   2          //å®šæ—¶å™¨ç•Œé¢çš„æŒ‰é”®
 917   2          case 2: 
 918   2            //æŒ‰ä¸‹æŒ‰é”®1è¿›å…¥/é€€å‡ºè®¾ç½®æ—¶é—´æ¨¡å¼
 919   2            if(SettingKey == 0 && State != 3) {
 920   3              if(SettingKey == 0 && presscount == 150 && State != 3) {
C51 COMPILER V9.59.0.0   V0_2                                                              06/26/2024 22:28:18 PAGE 16  

 921   4                if(SettingMode == 0) {
 922   5                  SettingMode = 1;
 923   5                  Set_Time(6);
 924   5                  if(TimePage == 0) {
 925   6                    SettingLocation = 0;
 926   6                  } else if(TimePage == 1) {
 927   6                    SettingLocation = 4;
 928   6                  }           
 929   5                } else if(SettingMode == 1) {
 930   5                  Set_Time(2);
 931   5                  TimerSet = 1;
 932   5                  SettingMode = 0;
 933   5                }
 934   4              }
 935   3            }
 936   2            
 937   2            
 938   2            //æŒ‰é”®2
 939   2              //å½“è¿›å…¥æ—¶é—´è®¾ç½®æ—¶
 940   2              if(SettingMode == 1) {
 941   3                if(PlusKey == 0) {
 942   4                  if(PlusKey == 0 && presscount == 150) {
 943   5                    Set_Time(4);
 944   5                }//å½“ä¸åœ¨æ—¶é—´è®¾ç½®æ—¶ 
 945   4              } 
 946   3            }else if(SettingMode == 0) {
 947   3                Plus_Page();
 948   3              }
 949   2            
 950   2          
 951   2          
 952   2           //æŒ‰é”®3
 953   2             //å½“è¿›å…¥æ—¶é—´è®¾ç½®æ—¶
 954   2            if(SettingMode == 1) {
 955   3              if(SwitchKey == 0) {
 956   4                if(SwitchKey == 0 && presscount == 150) {
 957   5                  SettingLocation++;
 958   5                  if(SettingLocation >= 4 && TimePage == 0) {
 959   6                    TimePage = 1;
 960   6                  } else if(SettingLocation > 7) {
 961   6                    TimePage = 0;
 962   6                    SettingLocation = 0;
 963   6                  }
 964   5                }
 965   4              } //å½“ä¸åœ¨æ—¶é—´è®¾ç½®æ—¶
 966   3            } else if(SettingMode == 0) {
 967   3              if(SwitchKey == 0) {
 968   4                if(SwitchKey == 0 && presscount == 150) {
 969   5                  if(TimePage == 0) {
 970   6                    TimePage = 1;
 971   6                  } else if(TimePage == 1) {
 972   6                    TimePage = 0;
 973   6                  }
 974   5                }
 975   4              }
 976   3            }
 977   2          break;
 978   2            
 979   2          
 980   2          //æ¸©åº¦é¡µé¢çš„æŒ‰é”®
 981   2          case 3:
 982   2            //æŒ‰é”®2
C51 COMPILER V9.59.0.0   V0_2                                                              06/26/2024 22:28:18 PAGE 17  

 983   2            Plus_Page();
 984   2          break;
 985   2          
 986   2          case 4:
 987   2            //æŒ‰é”®1
 988   2            if(SettingKey == 0) {
 989   3              if(SettingKey == 0 && presscount == 150) {
 990   4                pro++;
 991   4              }
 992   3            }
 993   2            
 994   2            //æŒ‰é”®2
 995   2            Plus_Page();
 996   2        }
 997   1      }
 998          
 999          //===============================æŒ‰é”®===============================
1000          
1001          
1002          //==============================èœ‚é¸£å™¨==============================
1003          void Buzzer() {
1004   1        sound = 20;
1005   1        while(sound--) {
1006   2          P55 = !P55;
1007   2          for(alarmcount = 0; alarmcount <= 10; alarmcount++) {
1008   3          }
1009   2        }
1010   1        sound = 0;
1011   1      }
1012          //==============================èœ‚é¸£å™¨==============================
1013          
1014          
1015          //===============================æ¸©åº¦===============================
1016          //ä½å®šä¹‰
1017          sbit DS18B20 = P3^7;
1018          
1019          //çŸ­å»¶æ—¶ï¼Œç”¨äºæ‹‰ä½/é‡Šæ”¾æ€»çº¿æ—¶çš„å»¶æ—¶
1020          void Delay_us(uchar dtime) {
1021   1        while(dtime--) {
1022   2          _nop_();
1023   2        }
1024   1      }
1025          
1026          
1027          //åˆå§‹åŒ–DS18B20
1028          void DS18B20_Init() {
1029   1        //ç”±å•ç‰‡æœºæ‹‰ä½æ€»çº¿å¹¶å»¶æ—¶600us  
1030   1        DS18B20 = 0;
1031   1        Delay_us(750);
1032   1        
1033   1        //ç”±å•ç‰‡æœºé‡Šæ”¾æ€»çº¿å¹¶å»¶æ—¶60us
1034   1        DS18B20 = 1;
1035   1        Delay_us(15);
1036   1        
1037   1        //å½“ä¼ æ„Ÿå™¨è¿”å›ä½ç”µå¹³æ—¶ï¼Œè¡¨æ˜æ€»çº¿ä¸Šå­˜åœ¨ä¼ æ„Ÿå™¨
1038   1        while(!DS18B20);
1039   1        Delay_us(500);
1040   1      }
1041          
1042          
1043          //å‘DS18B20å†™å…¥æ•°æ®
1044          void Wr_DS18B20(uchar dat) {
C51 COMPILER V9.59.0.0   V0_2                                                              06/26/2024 22:28:18 PAGE 18  

1045   1        uchar i;
1046   1        bit flag;
1047   1        
1048   1        for(i = 1; i <= 8; i++) {
1049   2          //ä»ä½åˆ°é«˜ä¾æ¬¡å‘DS18B20ä¸­å†™å…¥1Byteæ•°æ®
1050   2          flag = dat&0x01;
1051   2          dat = dat >> 1;
1052   2          
1053   2          //æ‹‰ä½æ€»çº¿å¹¶å»¶æ—¶2us
1054   2          DS18B20 = 0;
1055   2          _nop_();
1056   2          _nop_();
1057   2          
1058   2          //å°†è¦å†™çš„ä½æ”¾è¿›æ€»çº¿ï¼Œå»¶æ—¶60usè®©ä¼ æ„Ÿå™¨æœ‰è¶³å¤Ÿæ—¶é—´è¯»å–
1059   2          DS18B20 = flag;
1060   2          Delay_us(60);
1061   2          
1062   2          //é‡Šæ”¾æ€»çº¿
1063   2          DS18B20 = 1;
1064   2          
1065   2        }
1066   1      }
1067          
1068          
1069          //ä»DS18B20ä¸­è¯»å–æ•°æ®
1070          uchar Rd_DS18B20() {
1071   1        uchar flag, dat, i;
1072   1        
1073   1        for(i = 1; i <= 8; i++) {
1074   2          //æ‹‰ä½æ€»çº¿å¹¶å»¶æ—¶20us
1075   2          DS18B20 = 0;
1076   2          _nop_();
1077   2          _nop_();
1078   2          
1079   2          //é‡Šæ”¾æ€»çº¿å¹¶å»¶æ—¶20us
1080   2          DS18B20 = 1;
1081   2          _nop_();
1082   2          _nop_();
1083   2          
1084   2          //è¯»å–æ•°æ®
1085   2          flag = DS18B20;
1086   2          Delay_us(60);
1087   2          
1088   2          //å†™å…¥æ•°æ®ï¼Œå°†è¯»å‡ºçš„æ•°æ®çš„æœ€ä½ä½ç½®äºå‰é¢
1089   2          dat = (dat >> 1) | (flag << 7);
1090   2        }
1091   1        
1092   1        return dat;
1093   1      }
1094          
1095          
1096          //æ¸©åº¦æ£€æµ‹
1097          uint Temp_DS18B20() {
1098   1        
1099   1        uchar TempL, TempH;
1100   1        uint Temp;
1101   1        
1102   1        DS18B20_Init();     //åˆå§‹åŒ–DS18B20
1103   1        Wr_DS18B20(0xCC);   //CChä¸ºè·³è¿‡ROMçš„æŒ‡ä»¤
1104   1        Wr_DS18B20(0x44);   //44hä¸ºå¯åŠ¨æ¸©åº¦è½¬æ¢çš„æŒ‡ä»¤
1105   1        DS18B20_Init();     //åˆå§‹åŒ–DS18B20
1106   1        Wr_DS18B20(0xCC);   //è·³è¿‡ROM
C51 COMPILER V9.59.0.0   V0_2                                                              06/26/2024 22:28:18 PAGE 19  

1107   1        Wr_DS18B20(0xBE);   //BEhä¸ºè¯»å–æ¸©åº¦çš„æŒ‡ä»¤
1108   1        
1109   1        //è¯»å–ä¸¤ä¸ªå­—èŠ‚çš„æ¸©åº¦å€¼
1110   1        TempL = Rd_DS18B20();
1111   1        TempH = Rd_DS18B20();
1112   1        
1113   1        //ç»„æˆ16ä½çš„æ¸©åº¦å˜é‡
1114   1        Temp = (TempH << 8) + TempL;
1115   1        
1116   1        return Temp;
1117   1      }
1118          
1119          
1120          //æ¸©åº¦åé¦ˆ
1121          void Temp_FeedBack() {
1122   1        if(tempcount >= 1000) {
1123   2          tempcount = 0;
1124   2          temperature = Temp_DS18B20();
1125   2          turetemp = temperature * 0.0625;
1126   2        }
1127   1      }
1128          
1129          //===============================æ¸©åº¦===============================
1130          
1131          //------------------------------ä¸»å‡½æ•°------------------------------
1132          int main() {
1133   1        P0M0 = 0;
1134   1        P0M1 = 0;
1135   1        P1M1 = 0;
1136   1        P1M0 = 0;
1137   1        P2M1 = 0;
1138   1        P2M0 = 0;
1139   1        P3M0 = 0;
1140   1        P3M1 = 0;
1141   1        P5M0 = 0;
1142   1        P5M1 = 0;
1143   1        P4M1 = 0;
1144   1        P4M0 = 0;
1145   1        
1146   1        
1147   1        Timer0_Init();
1148   1        ET0 = 1;
1149   1        EA = 1;
1150   1        Start_DisPlay(1);
1151   1        while(1) {
1152   2          switch(State) {
1153   3      //      case 0:                 //ç¡çœ çŠ¶æ€
1154   3      //        Sleep_DisPlay();
1155   3      //      break;
1156   3            
1157   3            case 1:                 //é—¹é’Ÿå“èµ·çš„çŠ¶æ€
1158   3              Alarm_DisPlay();
1159   3            break;
1160   3            
1161   3            case 2:                 //å®šæ—¶å™¨ç»ˆæ­¢çš„çŠ¶æ€
1162   3              Timer_DisPlay();
1163   3            break;
1164   3            
1165   3            case 3:                 //é˜²è¯¯è§¦æ¨¡å¼
1166   3              Page_DisPlay();
1167   3            break;
1168   3            
C51 COMPILER V9.59.0.0   V0_2                                                              06/26/2024 22:28:18 PAGE 20  

1169   3            case 4:               //æ­£å¸¸çŠ¶æ€
1170   3              Page_DisPlay(); 
1171   3            break;
1172   3          }
1173   2          
1174   2          
1175   2        } 
1176   1      }


MODULE INFORMATION:   STATIC OVERLAYABLE
   CODE SIZE        =   3673    ----
   CONSTANT SIZE    =   ----    ----
   XDATA SIZE       =   ----    ----
   PDATA SIZE       =   ----    ----
   DATA SIZE        =     75    ----
   IDATA SIZE       =   ----    ----
   BIT SIZE         =   ----       1
END OF MODULE INFORMATION.


C51 COMPILATION COMPLETE.  0 WARNING(S),  0 ERROR(S)
